<?xml version="1.0" encoding="UTF-8"?>
<testng-results skipped="0" failed="1" ignored="0" total="4" passed="3">
  <reporter-output>
  </reporter-output>
  <suite name="Parallel Test Suite" duration-ms="38680" started-at="2022-10-13T23:33:16 IST" finished-at="2022-10-13T23:33:54 IST">
    <groups>
    </groups>
    <test name="Login Test" duration-ms="13362" started-at="2022-10-13T23:33:16 IST" finished-at="2022-10-13T23:33:29 IST">
      <class name="tests.LoginTest">
        <test-method status="PASS" signature="launchApplication()[pri:0, instance:tests.LoginTest@24a35978]" name="launchApplication" is-config="true" duration-ms="5599" started-at="2022-10-13T23:33:16 IST" finished-at="2022-10-13T23:33:21 IST">
          <reporter-output>
          </reporter-output>
        </test-method> <!-- launchApplication -->
        <test-method status="PASS" signature="login()[pri:0, instance:tests.LoginTest@24a35978]" name="login" duration-ms="3543" started-at="2022-10-13T23:33:21 IST" finished-at="2022-10-13T23:33:25 IST">
          <reporter-output>
          </reporter-output>
        </test-method> <!-- login -->
        <test-method status="PASS" signature="tearDown()[pri:0, instance:tests.LoginTest@24a35978]" name="tearDown" is-config="true" duration-ms="210" started-at="2022-10-13T23:33:25 IST" finished-at="2022-10-13T23:33:25 IST">
          <reporter-output>
          </reporter-output>
        </test-method> <!-- tearDown -->
        <test-method status="PASS" signature="launchApplication()[pri:0, instance:tests.LoginTest@24a35978]" name="launchApplication" is-config="true" duration-ms="3568" started-at="2022-10-13T23:33:25 IST" finished-at="2022-10-13T23:33:29 IST">
          <reporter-output>
          </reporter-output>
        </test-method> <!-- launchApplication -->
        <test-method status="PASS" signature="titleTest()[pri:1, instance:tests.LoginTest@24a35978]" name="titleTest" duration-ms="30" started-at="2022-10-13T23:33:29 IST" finished-at="2022-10-13T23:33:29 IST">
          <reporter-output>
          </reporter-output>
        </test-method> <!-- titleTest -->
        <test-method status="PASS" signature="tearDown()[pri:0, instance:tests.LoginTest@24a35978]" name="tearDown" is-config="true" duration-ms="244" started-at="2022-10-13T23:33:29 IST" finished-at="2022-10-13T23:33:29 IST">
          <reporter-output>
          </reporter-output>
        </test-method> <!-- tearDown -->
      </class> <!-- tests.LoginTest -->
    </test> <!-- Login Test -->
    <test name="HomePage Test" duration-ms="25300" started-at="2022-10-13T23:33:29 IST" finished-at="2022-10-13T23:33:54 IST">
      <class name="tests.HomePageTest">
        <test-method status="PASS" signature="launchApplication()[pri:0, instance:tests.HomePageTest@f4168b8]" name="launchApplication" is-config="true" duration-ms="3458" started-at="2022-10-13T23:33:29 IST" finished-at="2022-10-13T23:33:32 IST">
          <reporter-output>
          </reporter-output>
        </test-method> <!-- launchApplication -->
        <test-method status="PASS" signature="login()[pri:0, instance:tests.HomePageTest@f4168b8]" name="login" duration-ms="3841" started-at="2022-10-13T23:33:32 IST" finished-at="2022-10-13T23:33:36 IST">
          <reporter-output>
          </reporter-output>
        </test-method> <!-- login -->
        <test-method status="PASS" signature="tearDown()[pri:0, instance:tests.HomePageTest@f4168b8]" name="tearDown" is-config="true" duration-ms="232" started-at="2022-10-13T23:33:36 IST" finished-at="2022-10-13T23:33:36 IST">
          <reporter-output>
          </reporter-output>
        </test-method> <!-- tearDown -->
        <test-method status="PASS" signature="launchApplication()[pri:0, instance:tests.HomePageTest@f4168b8]" name="launchApplication" is-config="true" duration-ms="4214" started-at="2022-10-13T23:33:36 IST" finished-at="2022-10-13T23:33:41 IST">
          <reporter-output>
          </reporter-output>
        </test-method> <!-- launchApplication -->
        <test-method status="FAIL" signature="addProductToCartTest()[pri:1, instance:tests.HomePageTest@f4168b8]" name="addProductToCartTest" duration-ms="13103" started-at="2022-10-13T23:33:41 IST" finished-at="2022-10-13T23:33:54 IST">
          <exception class="org.openqa.selenium.NoSuchElementException">
            <message>
              <![CDATA[no such element: Unable to locate element: {"method":"xpath","selector":"(//button[contains(text(),'Add to cart')])[1]"}
  (Session info: chrome=106.0.5249.103)
For documentation on this error, please visit: https://selenium.dev/exceptions/#no_such_element
Build info: version: '4.5.0', revision: 'fe167b119a'
System info: os.name: 'Windows 10', os.arch: 'amd64', os.version: '10.0', java.version: '1.8.0_202'
Driver info: org.openqa.selenium.chrome.ChromeDriver
Command: [c7c4a2ed3e4b6212eef9ed20571004c7, findElement {using=xpath, value=(//button[contains(text(),'Add to cart')])[1]}]
Capabilities {acceptInsecureCerts: false, browserName: chrome, browserVersion: 106.0.5249.103, chrome: {chromedriverVersion: 106.0.5249.61 (511755355844..., userDataDir: C:\Users\valmiki\AppData\Lo...}, goog:chromeOptions: {debuggerAddress: localhost:63206}, networkConnectionEnabled: false, pageLoadStrategy: normal, platformName: WINDOWS, proxy: Proxy(), se:cdp: ws://localhost:63206/devtoo..., se:cdpVersion: 106.0.5249.103, setWindowRect: true, strictFileInteractability: false, timeouts: {implicit: 0, pageLoad: 300000, script: 30000}, unhandledPromptBehavior: dismiss and notify, webauthn:extension:credBlob: true, webauthn:extension:largeBlob: true, webauthn:virtualAuthenticators: true}
Session ID: c7c4a2ed3e4b6212eef9ed20571004c7]]>
            </message>
            <full-stacktrace>
              <![CDATA[org.openqa.selenium.NoSuchElementException: no such element: Unable to locate element: {"method":"xpath","selector":"(//button[contains(text(),'Add to cart')])[1]"}
  (Session info: chrome=106.0.5249.103)
For documentation on this error, please visit: https://selenium.dev/exceptions/#no_such_element
Build info: version: '4.5.0', revision: 'fe167b119a'
System info: os.name: 'Windows 10', os.arch: 'amd64', os.version: '10.0', java.version: '1.8.0_202'
Driver info: org.openqa.selenium.chrome.ChromeDriver
Command: [c7c4a2ed3e4b6212eef9ed20571004c7, findElement {using=xpath, value=(//button[contains(text(),'Add to cart')])[1]}]
Capabilities {acceptInsecureCerts: false, browserName: chrome, browserVersion: 106.0.5249.103, chrome: {chromedriverVersion: 106.0.5249.61 (511755355844..., userDataDir: C:\Users\valmiki\AppData\Lo...}, goog:chromeOptions: {debuggerAddress: localhost:63206}, networkConnectionEnabled: false, pageLoadStrategy: normal, platformName: WINDOWS, proxy: Proxy(), se:cdp: ws://localhost:63206/devtoo..., se:cdpVersion: 106.0.5249.103, setWindowRect: true, strictFileInteractability: false, timeouts: {implicit: 0, pageLoad: 300000, script: 30000}, unhandledPromptBehavior: dismiss and notify, webauthn:extension:credBlob: true, webauthn:extension:largeBlob: true, webauthn:virtualAuthenticators: true}
Session ID: c7c4a2ed3e4b6212eef9ed20571004c7
at sun.reflect.NativeConstructorAccessorImpl.newInstance0(Native Method)
at sun.reflect.NativeConstructorAccessorImpl.newInstance(NativeConstructorAccessorImpl.java:62)
at sun.reflect.DelegatingConstructorAccessorImpl.newInstance(DelegatingConstructorAccessorImpl.java:45)
at java.lang.reflect.Constructor.newInstance(Constructor.java:423)
at org.openqa.selenium.remote.codec.w3c.W3CHttpResponseCodec.createException(W3CHttpResponseCodec.java:200)
at org.openqa.selenium.remote.codec.w3c.W3CHttpResponseCodec.decode(W3CHttpResponseCodec.java:133)
at org.openqa.selenium.remote.codec.w3c.W3CHttpResponseCodec.decode(W3CHttpResponseCodec.java:53)
at org.openqa.selenium.remote.HttpCommandExecutor.execute(HttpCommandExecutor.java:184)
at org.openqa.selenium.remote.service.DriverCommandExecutor.invokeExecute(DriverCommandExecutor.java:167)
at org.openqa.selenium.remote.service.DriverCommandExecutor.execute(DriverCommandExecutor.java:142)
at org.openqa.selenium.remote.RemoteWebDriver.execute(RemoteWebDriver.java:547)
at org.openqa.selenium.remote.ElementLocation$ElementFinder$2.findElement(ElementLocation.java:162)
at org.openqa.selenium.remote.ElementLocation.findElement(ElementLocation.java:60)
at org.openqa.selenium.remote.RemoteWebDriver.findElement(RemoteWebDriver.java:365)
at org.openqa.selenium.remote.RemoteWebDriver.findElement(RemoteWebDriver.java:357)
at pages.HomePage.addToCart(HomePage.java:26)
at tests.HomePageTest.addProductToCartTest(HomePageTest.java:28)
at sun.reflect.NativeMethodAccessorImpl.invoke0(Native Method)
at sun.reflect.NativeMethodAccessorImpl.invoke(NativeMethodAccessorImpl.java:62)
at sun.reflect.DelegatingMethodAccessorImpl.invoke(DelegatingMethodAccessorImpl.java:43)
at java.lang.reflect.Method.invoke(Method.java:498)
at org.testng.internal.MethodInvocationHelper.invokeMethod(MethodInvocationHelper.java:133)
at org.testng.internal.TestInvoker.invokeMethod(TestInvoker.java:598)
at org.testng.internal.TestInvoker.invokeTestMethod(TestInvoker.java:173)
at org.testng.internal.MethodRunner.runInSequence(MethodRunner.java:46)
at org.testng.internal.TestInvoker$MethodInvocationAgent.invoke(TestInvoker.java:824)
at org.testng.internal.TestInvoker.invokeTestMethods(TestInvoker.java:146)
at org.testng.internal.TestMethodWorker.invokeTestMethods(TestMethodWorker.java:146)
at org.testng.internal.TestMethodWorker.run(TestMethodWorker.java:128)
at java.util.concurrent.ThreadPoolExecutor.runWorker(ThreadPoolExecutor.java:1149)
at java.util.concurrent.ThreadPoolExecutor$Worker.run(ThreadPoolExecutor.java:624)
at java.lang.Thread.run(Thread.java:748)
]]>
            </full-stacktrace>
          </exception> <!-- org.openqa.selenium.NoSuchElementException -->
          <reporter-output>
          </reporter-output>
        </test-method> <!-- addProductToCartTest -->
        <test-method status="PASS" signature="tearDown()[pri:0, instance:tests.HomePageTest@f4168b8]" name="tearDown" is-config="true" duration-ms="427" started-at="2022-10-13T23:33:54 IST" finished-at="2022-10-13T23:33:54 IST">
          <reporter-output>
          </reporter-output>
        </test-method> <!-- tearDown -->
      </class> <!-- tests.HomePageTest -->
    </test> <!-- HomePage Test -->
  </suite> <!-- Parallel Test Suite -->
</testng-results>
